[0718/115807:ERROR:process_info.cc(608)] range at 0xb922269000000000, size 0x232 fully unreadable
[0718/115807:ERROR:process_info.cc(608)] range at 0xb92226b000000000, size 0x232 fully unreadable
[0718/115807:ERROR:process_info.cc(608)] range at 0x0, size 0x232 fully unreadable
[0718/115807:ERROR:process_reader_win.cc(113)] NtOpenThread: {액세스 거부} 프로세스가 개체에 액세스를 요구했지만 액세스 권한이 없습니다.  (0xc0000022)
[0718/115807:ERROR:exception_snapshot_win.cc(57)] thread ID 9000 not found in process
[0718/115807:WARNING:crash_report_exception_handler.cc(60)] ProcessSnapshotWin::InitializeException failed
[0718/125812:ERROR:process_info.cc(608)] range at 0x4554269400000000, size 0x219 fully unreadable
[0718/125812:ERROR:process_info.cc(608)] range at 0x455426b400000000, size 0x219 fully unreadable
[0718/125812:ERROR:process_info.cc(608)] range at 0x0, size 0x219 fully unreadable
[0718/125812:ERROR:process_reader_win.cc(113)] NtOpenThread: {액세스 거부} 프로세스가 개체에 액세스를 요구했지만 액세스 권한이 없습니다.  (0xc0000022)
[0718/125812:ERROR:exception_snapshot_win.cc(57)] thread ID 10544 not found in process
[0718/125812:WARNING:crash_report_exception_handler.cc(60)] ProcessSnapshotWin::InitializeException failed
[0718/130332:ERROR:process_info.cc(608)] range at 0xb723269600000000, size 0x20e fully unreadable
[0718/130332:ERROR:process_info.cc(608)] range at 0xb72326b600000000, size 0x20e fully unreadable
[0718/130332:ERROR:process_info.cc(608)] range at 0x0, size 0x20e fully unreadable
[0718/130332:ERROR:process_reader_win.cc(113)] NtOpenThread: {액세스 거부} 프로세스가 개체에 액세스를 요구했지만 액세스 권한이 없습니다.  (0xc0000022)
[0718/130332:ERROR:exception_snapshot_win.cc(57)] thread ID 10760 not found in process
[0718/130332:WARNING:crash_report_exception_handler.cc(60)] ProcessSnapshotWin::InitializeException failed
[0719/102109:ERROR:process_info.cc(608)] range at 0xf6c26e600000000, size 0x291 fully unreadable
[0719/102109:ERROR:process_info.cc(608)] range at 0xf6c270600000000, size 0x291 fully unreadable
[0719/102109:ERROR:process_info.cc(608)] range at 0x0, size 0x291 fully unreadable
[0719/102109:ERROR:process_reader_win.cc(113)] NtOpenThread: {액세스 거부} 프로세스가 개체에 액세스를 요구했지만 액세스 권한이 없습니다.  (0xc0000022)
[0719/102109:ERROR:exception_snapshot_win.cc(57)] thread ID 9180 not found in process
[0719/102109:WARNING:crash_report_exception_handler.cc(60)] ProcessSnapshotWin::InitializeException failed
[0719/102825:ERROR:process_info.cc(608)] range at 0xf9bd26e000000000, size 0x16e fully unreadable
[0719/102825:ERROR:process_info.cc(608)] range at 0xf9bd270000000000, size 0x16e fully unreadable
[0719/102825:ERROR:process_info.cc(608)] range at 0x0, size 0x16e fully unreadable
[0719/102825:ERROR:process_reader_win.cc(113)] NtOpenThread: {액세스 거부} 프로세스가 개체에 액세스를 요구했지만 액세스 권한이 없습니다.  (0xc0000022)
[0719/102825:ERROR:exception_snapshot_win.cc(57)] thread ID 1168 not found in process
[0719/102825:WARNING:crash_report_exception_handler.cc(60)] ProcessSnapshotWin::InitializeException failed
[0719/103348:ERROR:process_info.cc(608)] range at 0xb42126e000000000, size 0x20c fully unreadable
[0719/103348:ERROR:process_info.cc(608)] range at 0xb421270000000000, size 0x20c fully unreadable
[0719/103348:ERROR:process_info.cc(608)] range at 0x0, size 0x20c fully unreadable
[0719/103348:ERROR:process_reader_win.cc(113)] NtOpenThread: {액세스 거부} 프로세스가 개체에 액세스를 요구했지만 액세스 권한이 없습니다.  (0xc0000022)
[0719/103348:ERROR:exception_snapshot_win.cc(57)] thread ID 9704 not found in process
[0719/103348:WARNING:crash_report_exception_handler.cc(60)] ProcessSnapshotWin::InitializeException failed
[0719/111754:ERROR:process_info.cc(608)] range at 0xa75f26e000000000, size 0x1d2 fully unreadable
[0719/111754:ERROR:process_info.cc(608)] range at 0xa75f270000000000, size 0x1d2 fully unreadable
[0719/111754:ERROR:process_info.cc(608)] range at 0x0, size 0x1d2 fully unreadable
[0719/111754:ERROR:process_reader_win.cc(113)] NtOpenThread: {액세스 거부} 프로세스가 개체에 액세스를 요구했지만 액세스 권한이 없습니다.  (0xc0000022)
[0719/111754:ERROR:exception_snapshot_win.cc(57)] thread ID 8964 not found in process
[0719/111754:WARNING:crash_report_exception_handler.cc(60)] ProcessSnapshotWin::InitializeException failed
[0719/112102:ERROR:process_info.cc(608)] range at 0xb85f26e200000000, size 0x208 fully unreadable
[0719/112102:ERROR:process_info.cc(608)] range at 0xb85f270200000000, size 0x208 fully unreadable
[0719/112102:ERROR:process_info.cc(608)] range at 0x0, size 0x208 fully unreadable
[0719/112102:ERROR:process_reader_win.cc(113)] NtOpenThread: {액세스 거부} 프로세스가 개체에 액세스를 요구했지만 액세스 권한이 없습니다.  (0xc0000022)
[0719/112102:ERROR:exception_snapshot_win.cc(57)] thread ID 8904 not found in process
[0719/112102:WARNING:crash_report_exception_handler.cc(60)] ProcessSnapshotWin::InitializeException failed
[0719/113140:ERROR:process_info.cc(608)] range at 0xee6126e000000000, size 0x1cc fully unreadable
[0719/113140:ERROR:process_info.cc(608)] range at 0xee61270000000000, size 0x1cc fully unreadable
[0719/113140:ERROR:process_info.cc(608)] range at 0x0, size 0x1cc fully unreadable
[0719/113140:ERROR:process_reader_win.cc(113)] NtOpenThread: {액세스 거부} 프로세스가 개체에 액세스를 요구했지만 액세스 권한이 없습니다.  (0xc0000022)
[0719/113140:ERROR:exception_snapshot_win.cc(57)] thread ID 5480 not found in process
[0719/113140:WARNING:crash_report_exception_handler.cc(60)] ProcessSnapshotWin::InitializeException failed
[0719/114046:ERROR:process_info.cc(608)] range at 0x108d26de00000000, size 0x1ad fully unreadable
[0719/114046:ERROR:process_info.cc(608)] range at 0x108d26fe00000000, size 0x1ad fully unreadable
[0719/114046:ERROR:process_info.cc(608)] range at 0x0, size 0x1ad fully unreadable
[0719/114046:ERROR:process_reader_win.cc(113)] NtOpenThread: {액세스 거부} 프로세스가 개체에 액세스를 요구했지만 액세스 권한이 없습니다.  (0xc0000022)
[0719/114046:ERROR:exception_snapshot_win.cc(57)] thread ID 10196 not found in process
[0719/114046:WARNING:crash_report_exception_handler.cc(60)] ProcessSnapshotWin::InitializeException failed
[0719/120019:ERROR:process_info.cc(608)] range at 0x223e26e000000000, size 0x201 fully unreadable
[0719/120019:ERROR:process_info.cc(608)] range at 0x223e270000000000, size 0x201 fully unreadable
[0719/120019:ERROR:process_info.cc(608)] range at 0x0, size 0x201 fully unreadable
[0719/120019:ERROR:process_reader_win.cc(113)] NtOpenThread: {액세스 거부} 프로세스가 개체에 액세스를 요구했지만 액세스 권한이 없습니다.  (0xc0000022)
[0719/120019:ERROR:exception_snapshot_win.cc(57)] thread ID 1436 not found in process
[0719/120019:WARNING:crash_report_exception_handler.cc(60)] ProcessSnapshotWin::InitializeException failed
[0719/121330:ERROR:process_info.cc(608)] range at 0x6b9d26e000000000, size 0x207 fully unreadable
[0719/121330:ERROR:process_info.cc(608)] range at 0x6b9d270000000000, size 0x207 fully unreadable
[0719/121330:ERROR:process_info.cc(608)] range at 0x0, size 0x207 fully unreadable
[0719/121330:ERROR:process_reader_win.cc(113)] NtOpenThread: {액세스 거부} 프로세스가 개체에 액세스를 요구했지만 액세스 권한이 없습니다.  (0xc0000022)
[0719/121330:ERROR:exception_snapshot_win.cc(57)] thread ID 5524 not found in process
[0719/121330:WARNING:crash_report_exception_handler.cc(60)] ProcessSnapshotWin::InitializeException failed
[0719/121353:ERROR:process_info.cc(608)] range at 0x5d9826de00000000, size 0x2b0 fully unreadable
[0719/121353:ERROR:process_info.cc(608)] range at 0x5d9826fe00000000, size 0x2b0 fully unreadable
[0719/121353:ERROR:process_info.cc(608)] range at 0x0, size 0x2b0 fully unreadable
[0719/121353:ERROR:process_reader_win.cc(113)] NtOpenThread: {액세스 거부} 프로세스가 개체에 액세스를 요구했지만 액세스 권한이 없습니다.  (0xc0000022)
[0719/121353:ERROR:exception_snapshot_win.cc(57)] thread ID 8836 not found in process
[0719/121353:WARNING:crash_report_exception_handler.cc(60)] ProcessSnapshotWin::InitializeException failed
[0720/093521:ERROR:process_info.cc(608)] range at 0xcf5b26e000000000, size 0x263 fully unreadable
[0720/093521:ERROR:process_info.cc(608)] range at 0xcf5b270000000000, size 0x263 fully unreadable
[0720/093521:ERROR:process_info.cc(608)] range at 0x0, size 0x263 fully unreadable
[0720/093521:ERROR:process_reader_win.cc(113)] NtOpenThread: {액세스 거부} 프로세스가 개체에 액세스를 요구했지만 액세스 권한이 없습니다.  (0xc0000022)
[0720/093521:ERROR:exception_snapshot_win.cc(57)] thread ID 5676 not found in process
[0720/093521:WARNING:crash_report_exception_handler.cc(60)] ProcessSnapshotWin::InitializeException failed
[0720/093832:ERROR:process_info.cc(608)] range at 0x166926e000000000, size 0x1db fully unreadable
[0720/093832:ERROR:process_info.cc(608)] range at 0x1669270000000000, size 0x1db fully unreadable
[0720/093832:ERROR:process_info.cc(608)] range at 0x0, size 0x1db fully unreadable
[0720/093832:ERROR:process_reader_win.cc(113)] NtOpenThread: {액세스 거부} 프로세스가 개체에 액세스를 요구했지만 액세스 권한이 없습니다.  (0xc0000022)
[0720/093832:ERROR:exception_snapshot_win.cc(57)] thread ID 8516 not found in process
[0720/093832:WARNING:crash_report_exception_handler.cc(60)] ProcessSnapshotWin::InitializeException failed
[0720/093920:ERROR:process_info.cc(608)] range at 0x9a03268000000000, size 0x1a9 fully unreadable
[0720/093920:ERROR:process_info.cc(608)] range at 0x9a0326a000000000, size 0x1a9 fully unreadable
[0720/093920:ERROR:process_info.cc(608)] range at 0x0, size 0x1a9 fully unreadable
[0720/093920:ERROR:process_reader_win.cc(113)] NtOpenThread: {액세스 거부} 프로세스가 개체에 액세스를 요구했지만 액세스 권한이 없습니다.  (0xc0000022)
[0720/093920:ERROR:exception_snapshot_win.cc(57)] thread ID 7540 not found in process
[0720/093920:WARNING:crash_report_exception_handler.cc(60)] ProcessSnapshotWin::InitializeException failed
[0720/094213:ERROR:process_info.cc(608)] range at 0x7101267c00000000, size 0x170 fully unreadable
[0720/094213:ERROR:process_info.cc(608)] range at 0x7101269c00000000, size 0x170 fully unreadable
[0720/094213:ERROR:process_info.cc(608)] range at 0x0, size 0x170 fully unreadable
[0720/094213:ERROR:process_reader_win.cc(113)] NtOpenThread: {액세스 거부} 프로세스가 개체에 액세스를 요구했지만 액세스 권한이 없습니다.  (0xc0000022)
[0720/094213:ERROR:exception_snapshot_win.cc(57)] thread ID 7956 not found in process
[0720/094213:WARNING:crash_report_exception_handler.cc(60)] ProcessSnapshotWin::InitializeException failed
[0720/094232:ERROR:process_info.cc(608)] range at 0x225b268000000000, size 0x257 fully unreadable
[0720/094232:ERROR:process_info.cc(608)] range at 0x225b26a000000000, size 0x257 fully unreadable
[0720/094232:ERROR:process_info.cc(608)] range at 0x0, size 0x257 fully unreadable
[0720/094232:ERROR:process_reader_win.cc(113)] NtOpenThread: {액세스 거부} 프로세스가 개체에 액세스를 요구했지만 액세스 권한이 없습니다.  (0xc0000022)
[0720/094232:ERROR:exception_snapshot_win.cc(57)] thread ID 4668 not found in process
[0720/094232:WARNING:crash_report_exception_handler.cc(60)] ProcessSnapshotWin::InitializeException failed
[0720/100329:ERROR:process_info.cc(608)] range at 0x8b8826de00000000, size 0x1de fully unreadable
[0720/100329:ERROR:process_info.cc(608)] range at 0x8b8826fe00000000, size 0x1de fully unreadable
[0720/100329:ERROR:process_info.cc(608)] range at 0x0, size 0x1de fully unreadable
[0720/100329:ERROR:process_reader_win.cc(113)] NtOpenThread: {액세스 거부} 프로세스가 개체에 액세스를 요구했지만 액세스 권한이 없습니다.  (0xc0000022)
[0720/100329:ERROR:exception_snapshot_win.cc(57)] thread ID 7780 not found in process
[0720/100329:WARNING:crash_report_exception_handler.cc(60)] ProcessSnapshotWin::InitializeException failed
[0720/100531:ERROR:process_info.cc(608)] range at 0x396a26de00000000, size 0x1be fully unreadable
[0720/100531:ERROR:process_info.cc(608)] range at 0x396a26fe00000000, size 0x1be fully unreadable
[0720/100531:ERROR:process_info.cc(608)] range at 0x0, size 0x1be fully unreadable
[0720/100531:ERROR:process_reader_win.cc(113)] NtOpenThread: {액세스 거부} 프로세스가 개체에 액세스를 요구했지만 액세스 권한이 없습니다.  (0xc0000022)
[0720/100531:ERROR:exception_snapshot_win.cc(57)] thread ID 404 not found in process
[0720/100531:WARNING:crash_report_exception_handler.cc(60)] ProcessSnapshotWin::InitializeException failed
[0720/100602:ERROR:process_info.cc(608)] range at 0xad8226e000000000, size 0x160 fully unreadable
[0720/100602:ERROR:process_info.cc(608)] range at 0xad82270000000000, size 0x160 fully unreadable
[0720/100602:ERROR:process_info.cc(608)] range at 0x0, size 0x160 fully unreadable
[0720/100602:ERROR:process_reader_win.cc(113)] NtOpenThread: {액세스 거부} 프로세스가 개체에 액세스를 요구했지만 액세스 권한이 없습니다.  (0xc0000022)
[0720/100602:ERROR:exception_snapshot_win.cc(57)] thread ID 6520 not found in process
[0720/100602:WARNING:crash_report_exception_handler.cc(60)] ProcessSnapshotWin::InitializeException failed
[0720/103216:ERROR:process_info.cc(608)] range at 0x7bd426e000000000, size 0x1c8 fully unreadable
[0720/103216:ERROR:process_info.cc(608)] range at 0x7bd4270000000000, size 0x1c8 fully unreadable
[0720/103216:ERROR:process_info.cc(608)] range at 0x0, size 0x1c8 fully unreadable
[0720/103216:ERROR:process_reader_win.cc(113)] NtOpenThread: {액세스 거부} 프로세스가 개체에 액세스를 요구했지만 액세스 권한이 없습니다.  (0xc0000022)
[0720/103216:ERROR:exception_snapshot_win.cc(57)] thread ID 8784 not found in process
[0720/103216:WARNING:crash_report_exception_handler.cc(60)] ProcessSnapshotWin::InitializeException failed
[0720/103358:ERROR:process_info.cc(608)] range at 0xf60026e000000000, size 0x244 fully unreadable
[0720/103358:ERROR:process_info.cc(608)] range at 0xf600270000000000, size 0x244 fully unreadable
[0720/103358:ERROR:process_info.cc(608)] range at 0x0, size 0x244 fully unreadable
[0720/103358:ERROR:process_reader_win.cc(113)] NtOpenThread: {액세스 거부} 프로세스가 개체에 액세스를 요구했지만 액세스 권한이 없습니다.  (0xc0000022)
[0720/103358:ERROR:exception_snapshot_win.cc(57)] thread ID 10032 not found in process
[0720/103358:WARNING:crash_report_exception_handler.cc(60)] ProcessSnapshotWin::InitializeException failed
[0720/103425:ERROR:process_info.cc(608)] range at 0x232726e000000000, size 0x1d0 fully unreadable
[0720/103425:ERROR:process_info.cc(608)] range at 0x2327270000000000, size 0x1d0 fully unreadable
[0720/103425:ERROR:process_info.cc(608)] range at 0x0, size 0x1d0 fully unreadable
[0720/103425:ERROR:process_reader_win.cc(113)] NtOpenThread: {액세스 거부} 프로세스가 개체에 액세스를 요구했지만 액세스 권한이 없습니다.  (0xc0000022)
[0720/103425:ERROR:exception_snapshot_win.cc(57)] thread ID 8568 not found in process
[0720/103425:WARNING:crash_report_exception_handler.cc(60)] ProcessSnapshotWin::InitializeException failed
[0720/110449:ERROR:process_info.cc(608)] range at 0x4404268000000000, size 0x27d fully unreadable
[0720/110449:ERROR:process_info.cc(608)] range at 0x440426a000000000, size 0x27d fully unreadable
[0720/110449:ERROR:process_info.cc(608)] range at 0x0, size 0x27d fully unreadable
[0720/110449:ERROR:process_reader_win.cc(113)] NtOpenThread: {액세스 거부} 프로세스가 개체에 액세스를 요구했지만 액세스 권한이 없습니다.  (0xc0000022)
[0720/110449:ERROR:exception_snapshot_win.cc(57)] thread ID 5280 not found in process
[0720/110449:WARNING:crash_report_exception_handler.cc(60)] ProcessSnapshotWin::InitializeException failed
[0720/112237:ERROR:process_info.cc(608)] range at 0xfccd26de00000000, size 0x22f fully unreadable
[0720/112237:ERROR:process_info.cc(608)] range at 0xfccd26fe00000000, size 0x22f fully unreadable
[0720/112237:ERROR:process_info.cc(608)] range at 0x0, size 0x22f fully unreadable
[0720/112237:ERROR:process_reader_win.cc(113)] NtOpenThread: {액세스 거부} 프로세스가 개체에 액세스를 요구했지만 액세스 권한이 없습니다.  (0xc0000022)
[0720/112237:ERROR:exception_snapshot_win.cc(57)] thread ID 888 not found in process
[0720/112237:WARNING:crash_report_exception_handler.cc(60)] ProcessSnapshotWin::InitializeException failed
[0720/112454:ERROR:process_info.cc(608)] range at 0xab1226de00000000, size 0x25f fully unreadable
[0720/112454:ERROR:process_info.cc(608)] range at 0xab1226fe00000000, size 0x25f fully unreadable
[0720/112454:ERROR:process_info.cc(608)] range at 0x0, size 0x25f fully unreadable
[0720/112454:ERROR:process_reader_win.cc(113)] NtOpenThread: {액세스 거부} 프로세스가 개체에 액세스를 요구했지만 액세스 권한이 없습니다.  (0xc0000022)
[0720/112454:ERROR:exception_snapshot_win.cc(57)] thread ID 5956 not found in process
[0720/112454:WARNING:crash_report_exception_handler.cc(60)] ProcessSnapshotWin::InitializeException failed
[0720/112802:ERROR:process_info.cc(608)] range at 0x575126e000000000, size 0x1c1 fully unreadable
[0720/112802:ERROR:process_info.cc(608)] range at 0x5751270000000000, size 0x1c1 fully unreadable
[0720/112802:ERROR:process_info.cc(608)] range at 0x0, size 0x1c1 fully unreadable
[0720/112802:ERROR:process_reader_win.cc(113)] NtOpenThread: {액세스 거부} 프로세스가 개체에 액세스를 요구했지만 액세스 권한이 없습니다.  (0xc0000022)
[0720/112802:ERROR:exception_snapshot_win.cc(57)] thread ID 7200 not found in process
[0720/112802:WARNING:crash_report_exception_handler.cc(60)] ProcessSnapshotWin::InitializeException failed
[0720/112846:ERROR:process_info.cc(608)] range at 0xa08926e000000000, size 0x2a2 fully unreadable
[0720/112846:ERROR:process_info.cc(608)] range at 0xa089270000000000, size 0x2a2 fully unreadable
[0720/112846:ERROR:process_info.cc(608)] range at 0x0, size 0x2a2 fully unreadable
[0720/112846:ERROR:process_reader_win.cc(113)] NtOpenThread: {액세스 거부} 프로세스가 개체에 액세스를 요구했지만 액세스 권한이 없습니다.  (0xc0000022)
[0720/112846:ERROR:exception_snapshot_win.cc(57)] thread ID 9968 not found in process
[0720/112846:WARNING:crash_report_exception_handler.cc(60)] ProcessSnapshotWin::InitializeException failed
[0720/113041:ERROR:process_info.cc(608)] range at 0xd0d326de00000000, size 0x208 fully unreadable
[0720/113041:ERROR:process_info.cc(608)] range at 0xd0d326fe00000000, size 0x208 fully unreadable
[0720/113041:ERROR:process_info.cc(608)] range at 0x0, size 0x208 fully unreadable
[0720/113041:ERROR:process_reader_win.cc(113)] NtOpenThread: {액세스 거부} 프로세스가 개체에 액세스를 요구했지만 액세스 권한이 없습니다.  (0xc0000022)
[0720/113041:ERROR:exception_snapshot_win.cc(57)] thread ID 4808 not found in process
[0720/113041:WARNING:crash_report_exception_handler.cc(60)] ProcessSnapshotWin::InitializeException failed
[0720/113108:ERROR:process_info.cc(608)] range at 0x652126e000000000, size 0x164 fully unreadable
[0720/113108:ERROR:process_info.cc(608)] range at 0x6521270000000000, size 0x164 fully unreadable
[0720/113108:ERROR:process_info.cc(608)] range at 0x0, size 0x164 fully unreadable
[0720/113108:ERROR:process_reader_win.cc(113)] NtOpenThread: {액세스 거부} 프로세스가 개체에 액세스를 요구했지만 액세스 권한이 없습니다.  (0xc0000022)
[0720/113108:ERROR:exception_snapshot_win.cc(57)] thread ID 4700 not found in process
[0720/113108:WARNING:crash_report_exception_handler.cc(60)] ProcessSnapshotWin::InitializeException failed
[0720/115403:ERROR:process_info.cc(608)] range at 0x3fb126e000000000, size 0x250 fully unreadable
[0720/115403:ERROR:process_info.cc(608)] range at 0x3fb1270000000000, size 0x250 fully unreadable
[0720/115403:ERROR:process_info.cc(608)] range at 0x0, size 0x250 fully unreadable
[0720/115403:ERROR:process_reader_win.cc(113)] NtOpenThread: {액세스 거부} 프로세스가 개체에 액세스를 요구했지만 액세스 권한이 없습니다.  (0xc0000022)
[0720/115403:ERROR:exception_snapshot_win.cc(57)] thread ID 8488 not found in process
[0720/115403:WARNING:crash_report_exception_handler.cc(60)] ProcessSnapshotWin::InitializeException failed
[0720/115547:ERROR:process_info.cc(608)] range at 0xffdb268000000000, size 0x203 fully unreadable
[0720/115547:ERROR:process_info.cc(608)] range at 0xffdb26a000000000, size 0x203 fully unreadable
[0720/115547:ERROR:process_info.cc(608)] range at 0x0, size 0x203 fully unreadable
[0720/115547:ERROR:process_reader_win.cc(113)] NtOpenThread: {액세스 거부} 프로세스가 개체에 액세스를 요구했지만 액세스 권한이 없습니다.  (0xc0000022)
[0720/115547:ERROR:exception_snapshot_win.cc(57)] thread ID 7824 not found in process
[0720/115547:WARNING:crash_report_exception_handler.cc(60)] ProcessSnapshotWin::InitializeException failed
[0720/115652:ERROR:process_info.cc(608)] range at 0x7250268000000000, size 0x232 fully unreadable
[0720/115652:ERROR:process_info.cc(608)] range at 0x725026a000000000, size 0x232 fully unreadable
[0720/115652:ERROR:process_info.cc(608)] range at 0x0, size 0x232 fully unreadable
[0720/115652:ERROR:process_reader_win.cc(113)] NtOpenThread: {액세스 거부} 프로세스가 개체에 액세스를 요구했지만 액세스 권한이 없습니다.  (0xc0000022)
[0720/115652:ERROR:exception_snapshot_win.cc(57)] thread ID 3068 not found in process
[0720/115652:WARNING:crash_report_exception_handler.cc(60)] ProcessSnapshotWin::InitializeException failed
[0720/115709:ERROR:process_info.cc(608)] range at 0xb209268000000000, size 0x141 fully unreadable
[0720/115709:ERROR:process_info.cc(608)] range at 0xb20926a000000000, size 0x141 fully unreadable
[0720/115709:ERROR:process_info.cc(608)] range at 0x0, size 0x141 fully unreadable
[0720/115709:ERROR:process_reader_win.cc(113)] NtOpenThread: {액세스 거부} 프로세스가 개체에 액세스를 요구했지만 액세스 권한이 없습니다.  (0xc0000022)
[0720/115709:ERROR:exception_snapshot_win.cc(57)] thread ID 8772 not found in process
[0720/115709:WARNING:crash_report_exception_handler.cc(60)] ProcessSnapshotWin::InitializeException failed
[0720/115835:ERROR:process_info.cc(608)] range at 0xb8c2267e00000000, size 0x1b9 fully unreadable
[0720/115835:ERROR:process_info.cc(608)] range at 0xb8c2269e00000000, size 0x1b9 fully unreadable
[0720/115835:ERROR:process_info.cc(608)] range at 0x0, size 0x1b9 fully unreadable
[0720/115835:ERROR:process_reader_win.cc(113)] NtOpenThread: {액세스 거부} 프로세스가 개체에 액세스를 요구했지만 액세스 권한이 없습니다.  (0xc0000022)
[0720/115835:ERROR:exception_snapshot_win.cc(57)] thread ID 9712 not found in process
[0720/115835:WARNING:crash_report_exception_handler.cc(60)] ProcessSnapshotWin::InitializeException failed
[0720/115941:ERROR:process_info.cc(608)] range at 0x899d268000000000, size 0x1f8 fully unreadable
[0720/115941:ERROR:process_info.cc(608)] range at 0x899d26a000000000, size 0x1f8 fully unreadable
[0720/115941:ERROR:process_info.cc(608)] range at 0x0, size 0x1f8 fully unreadable
[0720/115941:ERROR:process_reader_win.cc(113)] NtOpenThread: {액세스 거부} 프로세스가 개체에 액세스를 요구했지만 액세스 권한이 없습니다.  (0xc0000022)
[0720/115941:ERROR:exception_snapshot_win.cc(57)] thread ID 4708 not found in process
[0720/115941:WARNING:crash_report_exception_handler.cc(60)] ProcessSnapshotWin::InitializeException failed
[0720/120027:ERROR:process_info.cc(608)] range at 0x448f268000000000, size 0x239 fully unreadable
[0720/120027:ERROR:process_info.cc(608)] range at 0x448f26a000000000, size 0x239 fully unreadable
[0720/120027:ERROR:process_info.cc(608)] range at 0x0, size 0x239 fully unreadable
[0720/120027:ERROR:process_reader_win.cc(113)] NtOpenThread: {액세스 거부} 프로세스가 개체에 액세스를 요구했지만 액세스 권한이 없습니다.  (0xc0000022)
[0720/120027:ERROR:exception_snapshot_win.cc(57)] thread ID 7476 not found in process
[0720/120027:WARNING:crash_report_exception_handler.cc(60)] ProcessSnapshotWin::InitializeException failed
[0720/120156:ERROR:process_info.cc(608)] range at 0xa42d268000000000, size 0x1ac fully unreadable
[0720/120156:ERROR:process_info.cc(608)] range at 0xa42d26a000000000, size 0x1ac fully unreadable
[0720/120156:ERROR:process_info.cc(608)] range at 0x0, size 0x1ac fully unreadable
[0720/120156:ERROR:process_reader_win.cc(113)] NtOpenThread: {액세스 거부} 프로세스가 개체에 액세스를 요구했지만 액세스 권한이 없습니다.  (0xc0000022)
[0720/120156:ERROR:exception_snapshot_win.cc(57)] thread ID 3636 not found in process
[0720/120156:WARNING:crash_report_exception_handler.cc(60)] ProcessSnapshotWin::InitializeException failed
[0720/120313:ERROR:process_info.cc(608)] range at 0x68e6268000000000, size 0x281 fully unreadable
[0720/120313:ERROR:process_info.cc(608)] range at 0x68e626a000000000, size 0x281 fully unreadable
[0720/120313:ERROR:process_info.cc(608)] range at 0x0, size 0x281 fully unreadable
[0720/120313:ERROR:process_reader_win.cc(113)] NtOpenThread: {액세스 거부} 프로세스가 개체에 액세스를 요구했지만 액세스 권한이 없습니다.  (0xc0000022)
[0720/120313:ERROR:exception_snapshot_win.cc(57)] thread ID 7908 not found in process
[0720/120313:WARNING:crash_report_exception_handler.cc(60)] ProcessSnapshotWin::InitializeException failed
[0720/120626:ERROR:process_info.cc(608)] range at 0xb687268000000000, size 0x2a2 fully unreadable
[0720/120626:ERROR:process_info.cc(608)] range at 0xb68726a000000000, size 0x2a2 fully unreadable
[0720/120626:ERROR:process_info.cc(608)] range at 0x0, size 0x2a2 fully unreadable
[0720/120626:ERROR:process_reader_win.cc(113)] NtOpenThread: {액세스 거부} 프로세스가 개체에 액세스를 요구했지만 액세스 권한이 없습니다.  (0xc0000022)
[0720/120626:ERROR:exception_snapshot_win.cc(57)] thread ID 10024 not found in process
[0720/120626:WARNING:crash_report_exception_handler.cc(60)] ProcessSnapshotWin::InitializeException failed
[0720/120736:ERROR:process_info.cc(608)] range at 0xf12126e000000000, size 0x24d fully unreadable
[0720/120736:ERROR:process_info.cc(608)] range at 0xf121270000000000, size 0x24d fully unreadable
[0720/120736:ERROR:process_info.cc(608)] range at 0x0, size 0x24d fully unreadable
[0720/120736:ERROR:process_reader_win.cc(113)] NtOpenThread: {액세스 거부} 프로세스가 개체에 액세스를 요구했지만 액세스 권한이 없습니다.  (0xc0000022)
[0720/120736:ERROR:exception_snapshot_win.cc(57)] thread ID 8132 not found in process
[0720/120736:WARNING:crash_report_exception_handler.cc(60)] ProcessSnapshotWin::InitializeException failed
[0720/120900:ERROR:process_info.cc(608)] range at 0x124826e000000000, size 0x1c6 fully unreadable
[0720/120900:ERROR:process_info.cc(608)] range at 0x1248270000000000, size 0x1c6 fully unreadable
[0720/120900:ERROR:process_info.cc(608)] range at 0x0, size 0x1c6 fully unreadable
[0720/120900:ERROR:process_reader_win.cc(113)] NtOpenThread: {액세스 거부} 프로세스가 개체에 액세스를 요구했지만 액세스 권한이 없습니다.  (0xc0000022)
[0720/120900:ERROR:exception_snapshot_win.cc(57)] thread ID 6704 not found in process
[0720/120900:WARNING:crash_report_exception_handler.cc(60)] ProcessSnapshotWin::InitializeException failed
[0720/121029:ERROR:process_info.cc(608)] range at 0x7c04268000000000, size 0x22a fully unreadable
[0720/121029:ERROR:process_info.cc(608)] range at 0x7c0426a000000000, size 0x22a fully unreadable
[0720/121029:ERROR:process_info.cc(608)] range at 0x0, size 0x22a fully unreadable
[0720/121029:ERROR:process_reader_win.cc(113)] NtOpenThread: {액세스 거부} 프로세스가 개체에 액세스를 요구했지만 액세스 권한이 없습니다.  (0xc0000022)
[0720/121029:ERROR:exception_snapshot_win.cc(57)] thread ID 7596 not found in process
[0720/121029:WARNING:crash_report_exception_handler.cc(60)] ProcessSnapshotWin::InitializeException failed
[0720/121248:ERROR:process_info.cc(608)] range at 0x305226e000000000, size 0x236 fully unreadable
[0720/121248:ERROR:process_info.cc(608)] range at 0x3052270000000000, size 0x236 fully unreadable
[0720/121248:ERROR:process_info.cc(608)] range at 0x0, size 0x236 fully unreadable
[0720/121248:ERROR:process_reader_win.cc(113)] NtOpenThread: {액세스 거부} 프로세스가 개체에 액세스를 요구했지만 액세스 권한이 없습니다.  (0xc0000022)
[0720/121248:ERROR:exception_snapshot_win.cc(57)] thread ID 2232 not found in process
[0720/121248:WARNING:crash_report_exception_handler.cc(60)] ProcessSnapshotWin::InitializeException failed
[0720/121614:ERROR:process_info.cc(608)] range at 0xead7268000000000, size 0x1fa fully unreadable
[0720/121614:ERROR:process_info.cc(608)] range at 0xead726a000000000, size 0x1fa fully unreadable
[0720/121614:ERROR:process_info.cc(608)] range at 0x0, size 0x1fa fully unreadable
[0720/121615:ERROR:process_reader_win.cc(113)] NtOpenThread: {액세스 거부} 프로세스가 개체에 액세스를 요구했지만 액세스 권한이 없습니다.  (0xc0000022)
[0720/121615:ERROR:exception_snapshot_win.cc(57)] thread ID 7916 not found in process
[0720/121615:WARNING:crash_report_exception_handler.cc(60)] ProcessSnapshotWin::InitializeException failed
[0720/121720:ERROR:process_info.cc(608)] range at 0x7226267e00000000, size 0x194 fully unreadable
[0720/121720:ERROR:process_info.cc(608)] range at 0x7226269e00000000, size 0x194 fully unreadable
[0720/121720:ERROR:process_info.cc(608)] range at 0x0, size 0x194 fully unreadable
[0720/121720:ERROR:process_reader_win.cc(113)] NtOpenThread: {액세스 거부} 프로세스가 개체에 액세스를 요구했지만 액세스 권한이 없습니다.  (0xc0000022)
[0720/121720:ERROR:exception_snapshot_win.cc(57)] thread ID 7436 not found in process
[0720/121720:WARNING:crash_report_exception_handler.cc(60)] ProcessSnapshotWin::InitializeException failed
[0720/122232:ERROR:process_info.cc(608)] range at 0xfd0c26de00000000, size 0x220 fully unreadable
[0720/122232:ERROR:process_info.cc(608)] range at 0xfd0c26fe00000000, size 0x220 fully unreadable
[0720/122232:ERROR:process_info.cc(608)] range at 0x0, size 0x220 fully unreadable
[0720/122232:ERROR:process_reader_win.cc(113)] NtOpenThread: {액세스 거부} 프로세스가 개체에 액세스를 요구했지만 액세스 권한이 없습니다.  (0xc0000022)
[0720/122232:ERROR:exception_snapshot_win.cc(57)] thread ID 9540 not found in process
[0720/122232:WARNING:crash_report_exception_handler.cc(60)] ProcessSnapshotWin::InitializeException failed
[0720/122524:ERROR:process_info.cc(608)] range at 0xa7c1267e00000000, size 0x240 fully unreadable
[0720/122524:ERROR:process_info.cc(608)] range at 0xa7c1269e00000000, size 0x240 fully unreadable
[0720/122524:ERROR:process_info.cc(608)] range at 0x0, size 0x240 fully unreadable
[0720/122524:ERROR:process_reader_win.cc(113)] NtOpenThread: {액세스 거부} 프로세스가 개체에 액세스를 요구했지만 액세스 권한이 없습니다.  (0xc0000022)
[0720/122524:ERROR:exception_snapshot_win.cc(57)] thread ID 9540 not found in process
[0720/122524:WARNING:crash_report_exception_handler.cc(60)] ProcessSnapshotWin::InitializeException failed
[0720/122742:ERROR:process_info.cc(608)] range at 0xce81268000000000, size 0x15d fully unreadable
[0720/122742:ERROR:process_info.cc(608)] range at 0xce8126a000000000, size 0x15d fully unreadable
[0720/122742:ERROR:process_info.cc(608)] range at 0x0, size 0x15d fully unreadable
[0720/122742:ERROR:process_reader_win.cc(113)] NtOpenThread: {액세스 거부} 프로세스가 개체에 액세스를 요구했지만 액세스 권한이 없습니다.  (0xc0000022)
[0720/122742:ERROR:exception_snapshot_win.cc(57)] thread ID 6068 not found in process
[0720/122742:WARNING:crash_report_exception_handler.cc(60)] ProcessSnapshotWin::InitializeException failed
[0720/185617:ERROR:process_info.cc(608)] range at 0x3112263000000000, size 0x175 fully unreadable
[0720/185617:ERROR:process_info.cc(608)] range at 0x3112265000000000, size 0x175 fully unreadable
[0720/185617:ERROR:process_info.cc(608)] range at 0x0, size 0x175 fully unreadable
[0720/185617:ERROR:process_reader_win.cc(113)] NtOpenThread: {액세스 거부} 프로세스가 개체에 액세스를 요구했지만 액세스 권한이 없습니다.  (0xc0000022)
[0720/185617:ERROR:exception_snapshot_win.cc(57)] thread ID 7208 not found in process
[0720/185617:WARNING:crash_report_exception_handler.cc(60)] ProcessSnapshotWin::InitializeException failed
[0720/185749:ERROR:process_info.cc(608)] range at 0x4603262e00000000, size 0x2a7 fully unreadable
[0720/185749:ERROR:process_info.cc(608)] range at 0x4603264e00000000, size 0x2a7 fully unreadable
[0720/185749:ERROR:process_info.cc(608)] range at 0x0, size 0x2a7 fully unreadable
[0720/185749:ERROR:process_reader_win.cc(113)] NtOpenThread: {액세스 거부} 프로세스가 개체에 액세스를 요구했지만 액세스 권한이 없습니다.  (0xc0000022)
[0720/185749:ERROR:exception_snapshot_win.cc(57)] thread ID 6436 not found in process
[0720/185749:WARNING:crash_report_exception_handler.cc(60)] ProcessSnapshotWin::InitializeException failed
[0720/190034:ERROR:process_info.cc(608)] range at 0xee9a263000000000, size 0x1c2 fully unreadable
[0720/190034:ERROR:process_info.cc(608)] range at 0xee9a265000000000, size 0x1c2 fully unreadable
[0720/190034:ERROR:process_info.cc(608)] range at 0x0, size 0x1c2 fully unreadable
[0720/190034:ERROR:process_reader_win.cc(113)] NtOpenThread: {액세스 거부} 프로세스가 개체에 액세스를 요구했지만 액세스 권한이 없습니다.  (0xc0000022)
[0720/190034:ERROR:exception_snapshot_win.cc(57)] thread ID 5748 not found in process
[0720/190034:WARNING:crash_report_exception_handler.cc(60)] ProcessSnapshotWin::InitializeException failed
[0720/190258:ERROR:process_info.cc(608)] range at 0x4802263000000000, size 0x283 fully unreadable
[0720/190258:ERROR:process_info.cc(608)] range at 0x4802265000000000, size 0x283 fully unreadable
[0720/190258:ERROR:process_info.cc(608)] range at 0x0, size 0x283 fully unreadable
[0720/190258:ERROR:process_reader_win.cc(113)] NtOpenThread: {액세스 거부} 프로세스가 개체에 액세스를 요구했지만 액세스 권한이 없습니다.  (0xc0000022)
[0720/190259:ERROR:exception_snapshot_win.cc(57)] thread ID 5936 not found in process
[0720/190259:WARNING:crash_report_exception_handler.cc(60)] ProcessSnapshotWin::InitializeException failed
[0720/190546:ERROR:process_info.cc(608)] range at 0xf32e262e00000000, size 0x20d fully unreadable
[0720/190546:ERROR:process_info.cc(608)] range at 0xf32e264e00000000, size 0x20d fully unreadable
[0720/190546:ERROR:process_info.cc(608)] range at 0x0, size 0x20d fully unreadable
[0720/190546:ERROR:process_reader_win.cc(113)] NtOpenThread: {액세스 거부} 프로세스가 개체에 액세스를 요구했지만 액세스 권한이 없습니다.  (0xc0000022)
[0720/190546:ERROR:exception_snapshot_win.cc(57)] thread ID 8440 not found in process
[0720/190546:WARNING:crash_report_exception_handler.cc(60)] ProcessSnapshotWin::InitializeException failed
[0720/191458:ERROR:process_info.cc(608)] range at 0x741b262e00000000, size 0x228 fully unreadable
[0720/191458:ERROR:process_info.cc(608)] range at 0x741b264e00000000, size 0x228 fully unreadable
[0720/191458:ERROR:process_info.cc(608)] range at 0x0, size 0x228 fully unreadable
[0720/191458:ERROR:process_reader_win.cc(113)] NtOpenThread: {액세스 거부} 프로세스가 개체에 액세스를 요구했지만 액세스 권한이 없습니다.  (0xc0000022)
[0720/191458:ERROR:exception_snapshot_win.cc(57)] thread ID 2084 not found in process
[0720/191458:WARNING:crash_report_exception_handler.cc(60)] ProcessSnapshotWin::InitializeException failed
[0720/191507:ERROR:process_info.cc(608)] range at 0x179d263000000000, size 0x1a4 fully unreadable
[0720/191507:ERROR:process_info.cc(608)] range at 0x179d265000000000, size 0x1a4 fully unreadable
[0720/191507:ERROR:process_info.cc(608)] range at 0x0, size 0x1a4 fully unreadable
[0720/191507:ERROR:process_reader_win.cc(113)] NtOpenThread: {액세스 거부} 프로세스가 개체에 액세스를 요구했지만 액세스 권한이 없습니다.  (0xc0000022)
[0720/191507:ERROR:exception_snapshot_win.cc(57)] thread ID 3424 not found in process
[0720/191507:WARNING:crash_report_exception_handler.cc(60)] ProcessSnapshotWin::InitializeException failed
[0720/191522:ERROR:process_info.cc(608)] range at 0x665e263000000000, size 0x1ed fully unreadable
[0720/191522:ERROR:process_info.cc(608)] range at 0x665e265000000000, size 0x1ed fully unreadable
[0720/191522:ERROR:process_info.cc(608)] range at 0x0, size 0x1ed fully unreadable
[0720/191522:ERROR:process_reader_win.cc(113)] NtOpenThread: {액세스 거부} 프로세스가 개체에 액세스를 요구했지만 액세스 권한이 없습니다.  (0xc0000022)
[0720/191523:ERROR:exception_snapshot_win.cc(57)] thread ID 9112 not found in process
[0720/191523:WARNING:crash_report_exception_handler.cc(60)] ProcessSnapshotWin::InitializeException failed
[0720/191533:ERROR:process_info.cc(608)] range at 0x16de263200000000, size 0x19e fully unreadable
[0720/191533:ERROR:process_info.cc(608)] range at 0x16de265200000000, size 0x19e fully unreadable
[0720/191533:ERROR:process_info.cc(608)] range at 0x0, size 0x19e fully unreadable
[0720/191533:ERROR:process_reader_win.cc(113)] NtOpenThread: {액세스 거부} 프로세스가 개체에 액세스를 요구했지만 액세스 권한이 없습니다.  (0xc0000022)
[0720/191533:ERROR:exception_snapshot_win.cc(57)] thread ID 8144 not found in process
[0720/191533:WARNING:crash_report_exception_handler.cc(60)] ProcessSnapshotWin::InitializeException failed
[0720/192503:ERROR:process_info.cc(608)] range at 0x126a263000000000, size 0x26a fully unreadable
[0720/192503:ERROR:process_info.cc(608)] range at 0x126a265000000000, size 0x26a fully unreadable
[0720/192503:ERROR:process_info.cc(608)] range at 0x0, size 0x26a fully unreadable
[0720/192503:ERROR:process_reader_win.cc(113)] NtOpenThread: {액세스 거부} 프로세스가 개체에 액세스를 요구했지만 액세스 권한이 없습니다.  (0xc0000022)
[0720/192503:ERROR:exception_snapshot_win.cc(57)] thread ID 7340 not found in process
[0720/192503:WARNING:crash_report_exception_handler.cc(60)] ProcessSnapshotWin::InitializeException failed
[0720/192522:ERROR:process_info.cc(608)] range at 0x7a25263000000000, size 0x171 fully unreadable
[0720/192522:ERROR:process_info.cc(608)] range at 0x7a25265000000000, size 0x171 fully unreadable
[0720/192522:ERROR:process_info.cc(608)] range at 0x0, size 0x171 fully unreadable
[0720/192522:ERROR:process_reader_win.cc(113)] NtOpenThread: {액세스 거부} 프로세스가 개체에 액세스를 요구했지만 액세스 권한이 없습니다.  (0xc0000022)
[0720/192522:ERROR:exception_snapshot_win.cc(57)] thread ID 1868 not found in process
[0720/192522:WARNING:crash_report_exception_handler.cc(60)] ProcessSnapshotWin::InitializeException failed
[0720/192535:ERROR:process_info.cc(608)] range at 0x76a9263000000000, size 0x14f fully unreadable
[0720/192535:ERROR:process_info.cc(608)] range at 0x76a9265000000000, size 0x14f fully unreadable
[0720/192535:ERROR:process_info.cc(608)] range at 0x0, size 0x14f fully unreadable
[0720/192535:ERROR:process_reader_win.cc(113)] NtOpenThread: {액세스 거부} 프로세스가 개체에 액세스를 요구했지만 액세스 권한이 없습니다.  (0xc0000022)
[0720/192535:ERROR:exception_snapshot_win.cc(57)] thread ID 5488 not found in process
[0720/192535:WARNING:crash_report_exception_handler.cc(60)] ProcessSnapshotWin::InitializeException failed
[0720/193011:ERROR:process_info.cc(608)] range at 0x3673263000000000, size 0x205 fully unreadable
[0720/193011:ERROR:process_info.cc(608)] range at 0x3673265000000000, size 0x205 fully unreadable
[0720/193011:ERROR:process_info.cc(608)] range at 0x0, size 0x205 fully unreadable
[0720/193011:ERROR:process_reader_win.cc(113)] NtOpenThread: {액세스 거부} 프로세스가 개체에 액세스를 요구했지만 액세스 권한이 없습니다.  (0xc0000022)
[0720/193011:ERROR:exception_snapshot_win.cc(57)] thread ID 624 not found in process
[0720/193011:WARNING:crash_report_exception_handler.cc(60)] ProcessSnapshotWin::InitializeException failed
[0720/193034:ERROR:process_info.cc(608)] range at 0xcd38263000000000, size 0x218 fully unreadable
[0720/193034:ERROR:process_info.cc(608)] range at 0xcd38265000000000, size 0x218 fully unreadable
[0720/193034:ERROR:process_info.cc(608)] range at 0x0, size 0x218 fully unreadable
[0720/193034:ERROR:process_reader_win.cc(113)] NtOpenThread: {액세스 거부} 프로세스가 개체에 액세스를 요구했지만 액세스 권한이 없습니다.  (0xc0000022)
[0720/193034:ERROR:exception_snapshot_win.cc(57)] thread ID 5240 not found in process
[0720/193034:WARNING:crash_report_exception_handler.cc(60)] ProcessSnapshotWin::InitializeException failed
[0720/193108:ERROR:process_info.cc(608)] range at 0x8fab263000000000, size 0x27a fully unreadable
[0720/193108:ERROR:process_info.cc(608)] range at 0x8fab265000000000, size 0x27a fully unreadable
[0720/193108:ERROR:process_info.cc(608)] range at 0x0, size 0x27a fully unreadable
[0720/193108:ERROR:process_reader_win.cc(113)] NtOpenThread: {액세스 거부} 프로세스가 개체에 액세스를 요구했지만 액세스 권한이 없습니다.  (0xc0000022)
[0720/193108:ERROR:exception_snapshot_win.cc(57)] thread ID 6396 not found in process
[0720/193108:WARNING:crash_report_exception_handler.cc(60)] ProcessSnapshotWin::InitializeException failed
[0720/193130:ERROR:process_info.cc(608)] range at 0xddc8262e00000000, size 0x1b0 fully unreadable
[0720/193130:ERROR:process_info.cc(608)] range at 0xddc8264e00000000, size 0x1b0 fully unreadable
[0720/193130:ERROR:process_info.cc(608)] range at 0x0, size 0x1b0 fully unreadable
[0720/193130:ERROR:process_reader_win.cc(113)] NtOpenThread: {액세스 거부} 프로세스가 개체에 액세스를 요구했지만 액세스 권한이 없습니다.  (0xc0000022)
[0720/193130:ERROR:exception_snapshot_win.cc(57)] thread ID 3960 not found in process
[0720/193130:WARNING:crash_report_exception_handler.cc(60)] ProcessSnapshotWin::InitializeException failed
[0720/193831:ERROR:process_info.cc(608)] range at 0x3d57263000000000, size 0x2b2 fully unreadable
[0720/193831:ERROR:process_info.cc(608)] range at 0x3d57265000000000, size 0x2b2 fully unreadable
[0720/193831:ERROR:process_info.cc(608)] range at 0x0, size 0x2b2 fully unreadable
[0720/193831:ERROR:process_reader_win.cc(113)] NtOpenThread: {액세스 거부} 프로세스가 개체에 액세스를 요구했지만 액세스 권한이 없습니다.  (0xc0000022)
[0720/193831:ERROR:exception_snapshot_win.cc(57)] thread ID 992 not found in process
[0720/193831:WARNING:crash_report_exception_handler.cc(60)] ProcessSnapshotWin::InitializeException failed
[0722/190311:ERROR:process_info.cc(608)] range at 0xadc4263000000000, size 0x229 fully unreadable
[0722/190311:ERROR:process_info.cc(608)] range at 0xadc4265000000000, size 0x229 fully unreadable
[0722/190311:ERROR:process_info.cc(608)] range at 0x0, size 0x229 fully unreadable
[0722/190311:ERROR:process_reader_win.cc(113)] NtOpenThread: {액세스 거부} 프로세스가 개체에 액세스를 요구했지만 액세스 권한이 없습니다.  (0xc0000022)
[0722/190311:ERROR:exception_snapshot_win.cc(57)] thread ID 9376 not found in process
[0722/190311:WARNING:crash_report_exception_handler.cc(60)] ProcessSnapshotWin::InitializeException failed
[0908/135306:ERROR:process_info.cc(608)] range at 0x41d526de00000000, size 0x264 fully unreadable
[0908/135306:ERROR:process_info.cc(608)] range at 0x41d526fe00000000, size 0x264 fully unreadable
[0908/135306:ERROR:process_info.cc(608)] range at 0x0, size 0x264 fully unreadable
[0908/135306:ERROR:process_reader_win.cc(114)] NtOpenThread: {액세스 거부} 프로세스가 개체에 액세스를 요구했지만 액세스 권한이 없습니다.  (0xc0000022)
[0908/135306:ERROR:exception_snapshot_win.cc(88)] thread ID 4496 not found in process
[0908/135306:WARNING:crash_report_exception_handler.cc(60)] ProcessSnapshotWin::InitializeException failed
